05/09/2018 12:45:56 [Program starts.]
05/09/2018 12:45:56 [Arg used:][{'point_number': 10000}, {'epoch_number': 100}, {'verbose': 'low'}, {'log_root': '/home/andre/Documents/DL_p2/logs/'}]
05/09/2018 12:46:01 [Program starts.]
05/09/2018 12:46:01 [Arg used:][{'epoch_number': 100}, {'point_number': 10000}, {'verbose': 'low'}, {'log_root': '/home/andre/Documents/DL_p2/logs/'}]
05/09/2018 12:46:21 [Program starts.]
05/09/2018 12:46:21 [Arg used:][{'log_root': '/home/andre/Documents/DL_p2/logs/'}, {'verbose': 'low'}, {'point_number': 10000}, {'epoch_number': 100}]
05/09/2018 12:46:55 [Program starts.]
05/09/2018 12:46:55 [Arg used:][{'log_root': '/home/andre/Documents/DL_p2/logs/'}, {'epoch_number': 100}, {'point_number': 10000}, {'verbose': 'low'}]
05/09/2018 12:46:59 Average Training accuracy 0.501500 - epoch 1/100
05/09/2018 12:46:59 Average Testing accuracy 0.501200 - epoch 1/100
05/09/2018 12:46:59 A reset has occured.
05/09/2018 12:47:02 Average Training accuracy 0.498100 - epoch 2/100
05/09/2018 12:47:03 Average Testing accuracy 0.498800 - epoch 2/100
05/09/2018 12:47:03 A reset has occured.
05/09/2018 12:47:06 Average Training accuracy 0.492900 - epoch 3/100
05/09/2018 12:47:06 Average Testing accuracy 0.498800 - epoch 3/100
05/09/2018 12:47:06 A reset has occured.
05/09/2018 12:47:09 Average Training accuracy 0.496100 - epoch 4/100
05/09/2018 12:47:10 Average Testing accuracy 0.498800 - epoch 4/100
05/09/2018 12:47:10 A reset has occured.
05/09/2018 12:47:13 Average Training accuracy 0.492200 - epoch 5/100
05/09/2018 12:47:14 Average Testing accuracy 0.498800 - epoch 5/100
05/09/2018 12:47:14 A reset has occured.
05/09/2018 12:47:17 Average Training accuracy 0.500700 - epoch 6/100
05/09/2018 12:47:18 Average Testing accuracy 0.498800 - epoch 6/100
05/09/2018 12:47:18 A reset has occured.
05/09/2018 12:47:21 Average Training accuracy 0.504900 - epoch 7/100
05/09/2018 12:47:22 Average Testing accuracy 0.498800 - epoch 7/100
05/09/2018 12:47:22 A reset has occured.
05/09/2018 12:47:25 Average Training accuracy 0.502600 - epoch 8/100
05/09/2018 12:47:26 Average Testing accuracy 0.498800 - epoch 8/100
05/09/2018 12:47:26 A reset has occured.
05/09/2018 12:47:29 Average Training accuracy 0.531100 - epoch 9/100
05/09/2018 12:47:29 Average Testing accuracy 0.519600 - epoch 9/100
05/09/2018 12:47:29 A reset has occured.
05/09/2018 12:47:32 Average Training accuracy 0.514300 - epoch 10/100
05/09/2018 12:47:33 Average Testing accuracy 0.743300 - epoch 10/100
05/09/2018 12:47:36 Average Training accuracy 0.620300 - epoch 11/100
05/09/2018 12:47:37 Average Testing accuracy 0.501100 - epoch 11/100
05/09/2018 12:47:37 A reset has occured.
05/09/2018 12:47:40 Average Training accuracy 0.502700 - epoch 12/100
05/09/2018 12:47:41 Average Testing accuracy 0.498800 - epoch 12/100
05/09/2018 12:47:41 A reset has occured.
05/09/2018 12:47:44 Average Training accuracy 0.498700 - epoch 13/100
05/09/2018 12:47:45 Average Testing accuracy 0.498800 - epoch 13/100
05/09/2018 12:47:45 A reset has occured.
05/09/2018 12:47:48 Average Training accuracy 0.593200 - epoch 14/100
05/09/2018 12:47:49 Average Testing accuracy 0.757500 - epoch 14/100
05/09/2018 12:47:53 Average Training accuracy 0.796300 - epoch 15/100
05/09/2018 12:47:53 Average Testing accuracy 0.795700 - epoch 15/100
05/09/2018 12:47:57 Average Training accuracy 0.847100 - epoch 16/100
05/09/2018 12:47:59 Average Testing accuracy 0.506400 - epoch 16/100
05/09/2018 12:47:59 A reset has occured.
05/09/2018 12:48:02 Average Training accuracy 0.498300 - epoch 17/100
05/09/2018 12:48:03 Average Testing accuracy 0.498800 - epoch 17/100
05/09/2018 12:48:03 A reset has occured.
05/09/2018 12:48:07 Average Training accuracy 0.496700 - epoch 18/100
05/09/2018 12:48:07 Average Testing accuracy 0.498800 - epoch 18/100
05/09/2018 12:48:07 A reset has occured.
05/09/2018 12:48:11 Average Training accuracy 0.495900 - epoch 19/100
05/09/2018 12:48:11 Average Testing accuracy 0.498800 - epoch 19/100
05/09/2018 12:48:11 A reset has occured.
05/09/2018 12:48:22 [Program starts.]
05/09/2018 12:48:22 [Arg used:][{'log_root': '/home/andre/Documents/DL_p2/logs/'}, {'verbose': 'low'}, {'epoch_number': 100}, {'point_number': 10000}]
05/09/2018 12:48:28 [Program starts.]
05/09/2018 12:48:28 [Arg used:][{'verbose': 'low'}, {'point_number': 10000}, {'epoch_number': 100}, {'log_root': '/home/andre/Documents/DL_p2/logs/'}]
05/09/2018 12:48:32 Average Training accuracy 0.501200 - epoch 1/100
05/09/2018 12:48:32 Average Testing accuracy 0.499600 - epoch 1/100
05/09/2018 12:48:32 A reset has occured.
05/09/2018 12:48:36 Average Training accuracy 0.633000 - epoch 2/100
05/09/2018 12:48:36 Average Testing accuracy 0.842300 - epoch 2/100
05/09/2018 12:48:40 Average Training accuracy 0.827800 - epoch 3/100
05/09/2018 12:48:41 Average Testing accuracy 0.868100 - epoch 3/100
05/09/2018 12:48:44 Average Training accuracy 0.874000 - epoch 4/100
05/09/2018 12:48:45 Average Testing accuracy 0.910200 - epoch 4/100
05/09/2018 12:48:48 Average Training accuracy 0.883800 - epoch 5/100
05/09/2018 12:48:49 Average Testing accuracy 0.814200 - epoch 5/100
05/09/2018 12:48:52 Average Training accuracy 0.884100 - epoch 6/100
05/09/2018 12:48:53 Average Testing accuracy 0.820400 - epoch 6/100
05/09/2018 12:48:57 Average Training accuracy 0.869800 - epoch 7/100
05/09/2018 12:48:57 Average Testing accuracy 0.783500 - epoch 7/100
05/09/2018 12:49:01 Average Training accuracy 0.859400 - epoch 8/100
05/09/2018 12:49:01 Average Testing accuracy 0.797900 - epoch 8/100
05/09/2018 12:49:05 Average Training accuracy 0.854500 - epoch 9/100
05/09/2018 12:49:06 Average Testing accuracy 0.856700 - epoch 9/100
05/09/2018 12:51:08 [Program starts.]
05/09/2018 12:51:08 [Arg used:][{'epoch_number': 100}, {'log_root': '/home/andre/Documents/DL_p2/logs/'}, {'point_number': 10000}, {'verbose': 'low'}]
05/09/2018 12:51:11 Average Training accuracy 0.501100 - epoch 1/100
05/09/2018 12:51:12 Average Testing accuracy 0.501300 - epoch 1/100
05/09/2018 12:51:12 A reset has occured.
05/09/2018 12:51:15 Average Training accuracy 0.640500 - epoch 2/100
05/09/2018 12:51:15 Average Testing accuracy 0.730700 - epoch 2/100
05/09/2018 12:51:18 Average Training accuracy 0.818200 - epoch 3/100
05/09/2018 12:51:19 Average Testing accuracy 0.860600 - epoch 3/100
05/09/2018 12:51:22 Average Training accuracy 0.882800 - epoch 4/100
05/09/2018 12:51:23 Average Testing accuracy 0.926100 - epoch 4/100
05/09/2018 12:51:26 Average Training accuracy 0.894600 - epoch 5/100
05/09/2018 12:51:27 Average Testing accuracy 0.941700 - epoch 5/100
05/09/2018 12:51:30 Average Training accuracy 0.893500 - epoch 6/100
05/09/2018 12:51:42 [Program starts.]
05/09/2018 12:51:42 [Arg used:][{'verbose': 'low'}, {'point_number': 10000}, {'epoch_number': 100}, {'log_root': '/home/andre/Documents/DL_p2/logs/'}]
05/09/2018 12:51:45 Average Training accuracy 0.500500 - epoch 1/100
05/09/2018 12:51:46 Average Testing accuracy 0.501200 - epoch 1/100
05/09/2018 12:51:46 A reset has occured.
05/09/2018 12:51:49 Average Training accuracy 0.551100 - epoch 2/100
05/09/2018 12:51:49 Average Testing accuracy 0.657300 - epoch 2/100
05/09/2018 12:51:53 Average Training accuracy 0.672900 - epoch 3/100
05/09/2018 12:51:53 Average Testing accuracy 0.802000 - epoch 3/100
05/09/2018 12:51:57 Average Training accuracy 0.790900 - epoch 4/100
05/09/2018 12:51:57 Average Testing accuracy 0.783200 - epoch 4/100
05/09/2018 12:52:01 Average Training accuracy 0.806700 - epoch 5/100
05/09/2018 12:52:01 Average Testing accuracy 0.746100 - epoch 5/100
05/09/2018 12:52:05 Average Training accuracy 0.815900 - epoch 6/100
05/09/2018 12:52:05 Average Testing accuracy 0.784800 - epoch 6/100
05/09/2018 12:52:09 Average Training accuracy 0.867000 - epoch 7/100
05/09/2018 12:52:09 Average Testing accuracy 0.841700 - epoch 7/100
05/09/2018 12:52:13 Average Training accuracy 0.873700 - epoch 8/100
05/09/2018 12:52:14 Average Testing accuracy 0.719600 - epoch 8/100
05/09/2018 12:52:19 Average Training accuracy 0.876500 - epoch 9/100
05/09/2018 12:52:20 Average Testing accuracy 0.780100 - epoch 9/100
05/09/2018 12:52:24 Average Training accuracy 0.863800 - epoch 10/100
05/09/2018 12:52:24 Average Testing accuracy 0.845100 - epoch 10/100
05/09/2018 12:52:28 Average Training accuracy 0.861700 - epoch 11/100
05/09/2018 12:52:29 Average Testing accuracy 0.780300 - epoch 11/100
05/09/2018 12:52:32 Average Training accuracy 0.869300 - epoch 12/100
05/09/2018 12:52:33 Average Testing accuracy 0.908900 - epoch 12/100
05/09/2018 12:52:37 Average Training accuracy 0.883300 - epoch 13/100
05/09/2018 12:52:37 Average Testing accuracy 0.889700 - epoch 13/100
05/09/2018 12:52:41 Average Training accuracy 0.885700 - epoch 14/100
05/09/2018 12:52:42 Average Testing accuracy 0.790400 - epoch 14/100
05/09/2018 12:52:45 Average Training accuracy 0.898200 - epoch 15/100
05/09/2018 12:52:46 Average Testing accuracy 0.800300 - epoch 15/100
05/09/2018 12:52:50 Average Training accuracy 0.907900 - epoch 16/100
05/09/2018 12:52:50 Average Testing accuracy 0.908000 - epoch 16/100
05/09/2018 12:52:54 Average Training accuracy 0.913300 - epoch 17/100
05/09/2018 12:52:54 Average Testing accuracy 0.930400 - epoch 17/100
05/09/2018 12:52:58 Average Training accuracy 0.910400 - epoch 18/100
05/09/2018 12:52:58 Average Testing accuracy 0.846900 - epoch 18/100
05/09/2018 12:53:02 Average Training accuracy 0.909200 - epoch 19/100
05/09/2018 12:53:03 Average Testing accuracy 0.840600 - epoch 19/100
05/09/2018 12:53:06 Average Training accuracy 0.899900 - epoch 20/100
05/09/2018 12:53:07 Average Testing accuracy 0.929000 - epoch 20/100
05/09/2018 12:53:11 Average Training accuracy 0.903900 - epoch 21/100
05/09/2018 12:53:11 Average Testing accuracy 0.933000 - epoch 21/100
05/09/2018 12:53:14 Average Training accuracy 0.904800 - epoch 22/100
05/09/2018 12:53:15 Average Testing accuracy 0.814200 - epoch 22/100
05/09/2018 12:53:18 Average Training accuracy 0.908100 - epoch 23/100
05/09/2018 12:53:19 Average Testing accuracy 0.948300 - epoch 23/100
05/09/2018 12:53:21 Average Training accuracy 0.919900 - epoch 24/100
05/09/2018 12:53:22 Average Testing accuracy 0.841100 - epoch 24/100
05/09/2018 12:53:25 Average Training accuracy 0.917900 - epoch 25/100
05/09/2018 12:53:26 Average Testing accuracy 0.787400 - epoch 25/100
05/09/2018 12:53:28 Average Training accuracy 0.915800 - epoch 26/100
05/09/2018 12:53:29 Average Testing accuracy 0.940300 - epoch 26/100
05/09/2018 12:53:32 Average Training accuracy 0.917000 - epoch 27/100
05/09/2018 12:53:32 Average Testing accuracy 0.791600 - epoch 27/100
05/09/2018 12:53:35 Average Training accuracy 0.921000 - epoch 28/100
05/09/2018 12:53:36 Average Testing accuracy 0.874800 - epoch 28/100
05/09/2018 01:04:55 Average Training accuracy 0.917900 - epoch 29/100
05/09/2018 01:04:56 Average Testing accuracy 0.850000 - epoch 29/100
05/09/2018 01:05:03 Average Training accuracy 0.923000 - epoch 30/100
05/09/2018 01:05:04 Average Testing accuracy 0.926600 - epoch 30/100
05/09/2018 01:05:07 Average Training accuracy 0.920100 - epoch 31/100
05/09/2018 01:05:08 Average Testing accuracy 0.946300 - epoch 31/100
05/09/2018 01:05:11 Average Training accuracy 0.924100 - epoch 32/100
05/09/2018 01:05:11 Average Testing accuracy 0.923800 - epoch 32/100
05/09/2018 01:05:19 Average Training accuracy 0.925200 - epoch 33/100
05/09/2018 01:05:21 Average Testing accuracy 0.935400 - epoch 33/100
05/09/2018 01:05:24 Average Training accuracy 0.924200 - epoch 34/100
05/09/2018 01:05:25 Average Testing accuracy 0.754000 - epoch 34/100
05/09/2018 01:05:28 Average Training accuracy 0.925300 - epoch 35/100
05/09/2018 01:05:28 Average Testing accuracy 0.883600 - epoch 35/100
05/09/2018 01:05:31 Average Training accuracy 0.923200 - epoch 36/100
05/09/2018 01:05:31 Average Testing accuracy 0.952100 - epoch 36/100
